<?xml version="1.0" encoding="UTF-8"?>
<!-- Generated by org.testng.reporters.JUnitReportReporter -->
<testsuite hostname="DESKTOP-VF6R5DT" failures="0" tests="4" name="DataBaseTesting.DataBaseTesting.AppTest" time="0.082" errors="0" timestamp="2025-05-07T04:16:08 EET" skipped="3">
  <testcase classname="DataBaseTesting.DataBaseTesting.AppTest" name="ReadFromDatabase" time="0.082"/>
  <testcase classname="DataBaseTesting.DataBaseTesting.AppTest" name="DeleteRowFromDatabase">
    <skipped/>
  </testcase> <!-- DeleteRowFromDatabase -->
  <testcase classname="DataBaseTesting.DataBaseTesting.AppTest" name="UpdateRowFromDatabase">
    <skipped/>
  </testcase> <!-- UpdateRowFromDatabase -->
  <testcase classname="DataBaseTesting.DataBaseTesting.AppTest" name="InsertToRowFromDatabase">
    <skipped/>
  </testcase> <!-- InsertToRowFromDatabase -->
</testsuite> <!-- DataBaseTesting.DataBaseTesting.AppTest -->
