<?xml version="1.0" encoding="UTF-8"?>
<!-- Generated by org.testng.reporters.JUnitReportReporter -->
<testsuite hostname="DESKTOP-VF6R5DT" failures="0" tests="4" name="DataBaseTesting.DataBaseTesting.AppTest" time="0.674" errors="0" timestamp="2025-05-08T01:11:41 EET" skipped="0">
  <testcase classname="DataBaseTesting.DataBaseTesting.AppTest" name="InsertToRowFromDatabase" time="0.091"/>
  <testcase classname="DataBaseTesting.DataBaseTesting.AppTest" name="UpdateRowFromDatabase" time="0.007"/>
  <testcase classname="DataBaseTesting.DataBaseTesting.AppTest" name="ReadFromDatabase" time="0.570"/>
  <testcase classname="DataBaseTesting.DataBaseTesting.AppTest" name="DeleteRowFromDatabase" time="0.006"/>
</testsuite> <!-- DataBaseTesting.DataBaseTesting.AppTest -->
